app/build/intermediates/manifest_merge_blame_file/debug/manifest-merger-blame-debug-report.txt
1<?xml version="1.0" encoding="utf-8"?>
2<manifest xmlns:android="http://schemas.android.com/apk/res/android"
3    package="com.example.quiz"
4    android:versionCode="1"
5    android:versionName="1.0" >
6
7    <uses-sdk
8        android:minSdkVersion="23"
8-->src\main\AndroidManifest.xml
9        android:targetSdkVersion="28" />
9-->src\main\AndroidManifest.xml
10
11    <uses-permission android:name="android.permission.INTERNET" />
11-->src\main\AndroidManifest.xml:6:5-66
11-->src\main\AndroidManifest.xml:6:22-64
12    <uses-permission android:name="android.permission.ACCESS_NETWORK_STATE" />
12-->src\main\AndroidManifest.xml:7:5-79
12-->src\main\AndroidManifest.xml:7:22-76
13
14    <meta-data
14-->src\main\AndroidManifest.xml:28:5-96
15        android:name="firebase_analytics_collection_deactivated"
15-->src\main\AndroidManifest.xml:28:16-72
16        android:value="true" />
16-->src\main\AndroidManifest.xml:28:73-93
17
18    <application
18-->src\main\AndroidManifest.xml:9:5-27:19
19        android:allowBackup="true"
19-->src\main\AndroidManifest.xml:10:9-35
20        android:appComponentFactory="androidx.core.app.CoreComponentFactory"
20-->[androidx.core:core:1.1.0] AndroidManifest.xml:24:18-86
21        android:debuggable="true"
22        android:icon="@mipmap/ic_launcher"
22-->src\main\AndroidManifest.xml:11:9-43
23        android:label="@string/app_name"
23-->src\main\AndroidManifest.xml:12:9-41
24        android:roundIcon="@mipmap/ic_launcher_round"
24-->src\main\AndroidManifest.xml:13:9-54
25        android:supportsRtl="true"
25-->src\main\AndroidManifest.xml:14:9-35
26        android:testOnly="true"
27        android:theme="@style/AppTheme" >
27-->src\main\AndroidManifest.xml:15:9-40
28        <activity android:name="com.example.quiz.MainActivity.MainActivity" >
28-->src\main\AndroidManifest.xml:17:9-23:20
28-->src\main\AndroidManifest.xml:17:19-60
29            <intent-filter>
29-->src\main\AndroidManifest.xml:18:13-22:29
30                <action android:name="android.intent.action.MAIN" />
30-->src\main\AndroidManifest.xml:19:17-69
30-->src\main\AndroidManifest.xml:19:25-66
31
32                <category android:name="android.intent.category.LAUNCHER" />
32-->src\main\AndroidManifest.xml:21:17-77
32-->src\main\AndroidManifest.xml:21:27-74
33            </intent-filter>
34        </activity>
35        <activity android:name="com.example.quiz.GameActivity.GameActivity" >
35-->src\main\AndroidManifest.xml:25:9-26:20
35-->src\main\AndroidManifest.xml:25:19-60
36        </activity>
37
38        <service
38-->[com.google.firebase:firebase-database:19.2.0] AndroidManifest.xml:29:9-35:19
39            android:name="com.google.firebase.components.ComponentDiscoveryService"
39-->[com.google.firebase:firebase-database:19.2.0] AndroidManifest.xml:30:13-84
40            android:directBootAware="true"
40-->[com.google.firebase:firebase-common:19.2.0] AndroidManifest.xml:15:13-43
41            android:exported="false" >
41-->[com.google.firebase:firebase-database:19.2.0] AndroidManifest.xml:31:13-37
42            <meta-data
42-->[com.google.firebase:firebase-database:19.2.0] AndroidManifest.xml:32:13-34:85
43                android:name="com.google.firebase.components:com.google.firebase.database.DatabaseRegistrar"
43-->[com.google.firebase:firebase-database:19.2.0] AndroidManifest.xml:33:17-109
44                android:value="com.google.firebase.components.ComponentRegistrar" />
44-->[com.google.firebase:firebase-database:19.2.0] AndroidManifest.xml:34:17-82
45        </service>
46
47        <activity
47-->[com.google.android.gms:play-services-base:17.0.0] AndroidManifest.xml:23:9-26:75
48            android:name="com.google.android.gms.common.api.GoogleApiActivity"
48-->[com.google.android.gms:play-services-base:17.0.0] AndroidManifest.xml:24:13-79
49            android:exported="false"
49-->[com.google.android.gms:play-services-base:17.0.0] AndroidManifest.xml:25:13-37
50            android:theme="@android:style/Theme.Translucent.NoTitleBar" />
50-->[com.google.android.gms:play-services-base:17.0.0] AndroidManifest.xml:26:13-72
51
52        <provider
52-->[com.google.firebase:firebase-common:19.2.0] AndroidManifest.xml:19:9-23:39
53            android:name="com.google.firebase.provider.FirebaseInitProvider"
53-->[com.google.firebase:firebase-common:19.2.0] AndroidManifest.xml:20:13-77
54            android:authorities="com.example.quiz.firebaseinitprovider"
54-->[com.google.firebase:firebase-common:19.2.0] AndroidManifest.xml:21:13-72
55            android:exported="false"
55-->[com.google.firebase:firebase-common:19.2.0] AndroidManifest.xml:22:13-37
56            android:initOrder="100" />
56-->[com.google.firebase:firebase-common:19.2.0] AndroidManifest.xml:23:13-36
57
58        <meta-data
58-->[com.google.android.gms:play-services-basement:17.0.0] AndroidManifest.xml:23:9-25:69
59            android:name="com.google.android.gms.version"
59-->[com.google.android.gms:play-services-basement:17.0.0] AndroidManifest.xml:24:13-58
60            android:value="@integer/google_play_services_version" />
60-->[com.google.android.gms:play-services-basement:17.0.0] AndroidManifest.xml:25:13-66
61    </application>
62
63</manifest>